[INFO][pkg.go:10]2022/04/11 16:29:36 userService--fallback failed with '{"id":"go.micro.server","code":500,"detail":"panic recovered: runtime error: invalid memory address or nil pointer dereference","status":"Internal Server Error"}'. run error was '{"id":"go.micro.server","code":500,"detail":"panic recovered: runtime error: invalid memory address or nil pointer dereference","status":"Internal Server Error"}'
[INFO][pkg.go:10]2022/04/11 16:35:35 userService--fallback failed with '{"id":"go.micro.server","code":500,"detail":"panic recovered: runtime error: invalid memory address or nil pointer dereference","status":"Internal Server Error"}'. run error was '{"id":"go.micro.server","code":500,"detail":"panic recovered: runtime error: invalid memory address or nil pointer dereference","status":"Internal Server Error"}'
[INFO][pkg.go:10]2022/04/11 16:38:49 userService--multipart: NextPart: EOF
[INFO][pkg.go:10]2022/04/11 16:39:32 userService--multipart: NextPart: EOF
[INFO][pkg.go:10]2022/04/11 16:40:38 userService--multipart: NextPart: EOF
[INFO][pkg.go:10]2022/04/11 16:45:33 userService--multipart: NextPart: EOF
[INFO][pkg.go:10]2022/04/11 16:52:29 userService--multipart: NextPart: EOF
[INFO][pkg.go:10]2022/04/11 17:01:30 userService--multipart: NextPart: EOF
[INFO][pkg.go:10]2022/04/11 17:03:22 userService--fallback failed with '{"id":"go.micro.client","code":500,"detail":"unsupported data type: 0xc00008e790: Table not set, please set it like: db.Model(\u0026user) or db.Table(\"users\"); unsupported data type: 0xc00008e790: Table not set, please set it like: db.Model(\u0026user) or db.Table(\"users\")","status":"Internal Server Error"}'. run error was '{"id":"go.micro.client","code":500,"detail":"unsupported data type: 0xc00008e790: Table not set, please set it like: db.Model(\u0026user) or db.Table(\"users\"); unsupported data type: 0xc00008e790: Table not set, please set it like: db.Model(\u0026user) or db.Table(\"users\")","status":"Internal Server Error"}'
[INFO][pkg.go:10]2022/04/11 17:04:23 userService--fallback failed with '{"id":"go.micro.client","code":500,"detail":"unsupported data type: 0xc00008e790: Table not set, please set it like: db.Model(\u0026user) or db.Table(\"users\"); unsupported data type: 0xc00008e790: Table not set, please set it like: db.Model(\u0026user) or db.Table(\"users\"); unsupported data type: 0xc00008efc0: Table not set, please set it like: db.Model(\u0026user) or db.Table(\"users\"); unsupported data type: 0xc00018a420: Table not set, please set it like: db.Model(\u0026user) or db.Table(\"users\")","status":"Internal Server Error"}'. run error was '{"id":"go.micro.client","code":500,"detail":"unsupported data type: 0xc00008e790: Table not set, please set it like: db.Model(\u0026user) or db.Table(\"users\"); unsupported data type: 0xc00008e790: Table not set, please set it like: db.Model(\u0026user) or db.Table(\"users\"); unsupported data type: 0xc00008efc0: Table not set, please set it like: db.Model(\u0026user) or db.Table(\"users\"); unsupported data type: 0xc00018a420: Table not set, please set it like: db.Model(\u0026user) or db.Table(\"users\")","status":"Internal Server Error"}'
[DEBUG][init.go:9]2022/04/11 17:06:39 init middleware
[DEBUG][user.go:13]2022/04/11 17:06:52 user register
[INFO][pkg.go:10]2022/04/11 17:06:53 userService--fallback failed with '{"id":"go.micro.client","code":500,"detail":"unsupported data type: 0xc00008e790: Table not set, please set it like: db.Model(\u0026user) or db.Table(\"users\"); unsupported data type: 0xc00008e790: Table not set, please set it like: db.Model(\u0026user) or db.Table(\"users\"); unsupported data type: 0xc00008efc0: Table not set, please set it like: db.Model(\u0026user) or db.Table(\"users\"); unsupported data type: 0xc00018a420: Table not set, please set it like: db.Model(\u0026user) or db.Table(\"users\"); unsupported data type: 0xc00018a600: Table not set, please set it like: db.Model(\u0026user) or db.Table(\"users\"); unsupported data type: 0xc000239050: Table not set, please set it like: db.Model(\u0026user) or db.Table(\"users\")","status":"Internal Server Error"}'. run error was '{"id":"go.micro.client","code":500,"detail":"unsupported data type: 0xc00008e790: Table not set, please set it like: db.Model(\u0026user) or db.Table(\"users\"); unsupported data type: 0xc00008e790: Table not set, please set it like: db.Model(\u0026user) or db.Table(\"users\"); unsupported data type: 0xc00008efc0: Table not set, please set it like: db.Model(\u0026user) or db.Table(\"users\"); unsupported data type: 0xc00018a420: Table not set, please set it like: db.Model(\u0026user) or db.Table(\"users\"); unsupported data type: 0xc00018a600: Table not set, please set it like: db.Model(\u0026user) or db.Table(\"users\"); unsupported data type: 0xc000239050: Table not set, please set it like: db.Model(\u0026user) or db.Table(\"users\")","status":"Internal Server Error"}'
[DEBUG][init.go:21]2022/04/11 17:06:53 error middleware
[DEBUG][user.go:13]2022/04/11 17:14:40 user register
[INFO][pkg.go:10]2022/04/11 17:14:40 userService--fallback failed with '{"id":"go.micro.client","code":500,"detail":"unsupported data type: 0xc00008e790: Table not set, please set it like: db.Model(\u0026user) or db.Table(\"users\"); unsupported data type: 0xc00008e790: Table not set, please set it like: db.Model(\u0026user) or db.Table(\"users\"); unsupported data type: 0xc00008efc0: Table not set, please set it like: db.Model(\u0026user) or db.Table(\"users\"); unsupported data type: 0xc00018a420: Table not set, please set it like: db.Model(\u0026user) or db.Table(\"users\"); unsupported data type: 0xc00018a600: Table not set, please set it like: db.Model(\u0026user) or db.Table(\"users\"); unsupported data type: 0xc000239050: Table not set, please set it like: db.Model(\u0026user) or db.Table(\"users\"); unsupported data type: 0xc00018a310: Table not set, please set it like: db.Model(\u0026user) or db.Table(\"users\"); unsupported data type: 0xc0005b2820: Table not set, please set it like: db.Model(\u0026user) or db.Table(\"users\")","status":"Internal Server Error"}'. run error was '{"id":"go.micro.client","code":500,"detail":"unsupported data type: 0xc00008e790: Table not set, please set it like: db.Model(\u0026user) or db.Table(\"users\"); unsupported data type: 0xc00008e790: Table not set, please set it like: db.Model(\u0026user) or db.Table(\"users\"); unsupported data type: 0xc00008efc0: Table not set, please set it like: db.Model(\u0026user) or db.Table(\"users\"); unsupported data type: 0xc00018a420: Table not set, please set it like: db.Model(\u0026user) or db.Table(\"users\"); unsupported data type: 0xc00018a600: Table not set, please set it like: db.Model(\u0026user) or db.Table(\"users\"); unsupported data type: 0xc000239050: Table not set, please set it like: db.Model(\u0026user) or db.Table(\"users\"); unsupported data type: 0xc00018a310: Table not set, please set it like: db.Model(\u0026user) or db.Table(\"users\"); unsupported data type: 0xc0005b2820: Table not set, please set it like: db.Model(\u0026user) or db.Table(\"users\")","status":"Internal Server Error"}'
[DEBUG][init.go:21]2022/04/11 17:14:40 error middleware
[DEBUG][init.go:9]2022/04/11 17:22:55 init middleware
[DEBUG][user.go:13]2022/04/11 17:23:00 user register
[DEBUG][user.go:15]2022/04/11 17:23:00 user bind
[DEBUG][user.go:20]2022/04/11 17:23:00 register rpc
[INFO][pkg.go:10]2022/04/11 17:23:00 userService--fallback failed with '{"id":"go.micro.client","code":500,"detail":"unsupported data type: 0xc00008e790: Table not set, please set it like: db.Model(\u0026user) or db.Table(\"users\"); unsupported data type: 0xc00008e790: Table not set, please set it like: db.Model(\u0026user) or db.Table(\"users\"); unsupported data type: 0xc00008efc0: Table not set, please set it like: db.Model(\u0026user) or db.Table(\"users\"); unsupported data type: 0xc00018a420: Table not set, please set it like: db.Model(\u0026user) or db.Table(\"users\"); unsupported data type: 0xc00018a600: Table not set, please set it like: db.Model(\u0026user) or db.Table(\"users\"); unsupported data type: 0xc000239050: Table not set, please set it like: db.Model(\u0026user) or db.Table(\"users\"); unsupported data type: 0xc00018a310: Table not set, please set it like: db.Model(\u0026user) or db.Table(\"users\"); unsupported data type: 0xc0005b2820: Table not set, please set it like: db.Model(\u0026user) or db.Table(\"users\"); unsupported data type: 0xc00018a320: Table not set, please set it like: db.Model(\u0026user) or db.Table(\"users\"); unsupported data type: 0xc00018a300: Table not set, please set it like: db.Model(\u0026user) or db.Table(\"users\")","status":"Internal Server Error"}'. run error was '{"id":"go.micro.client","code":500,"detail":"unsupported data type: 0xc00008e790: Table not set, please set it like: db.Model(\u0026user) or db.Table(\"users\"); unsupported data type: 0xc00008e790: Table not set, please set it like: db.Model(\u0026user) or db.Table(\"users\"); unsupported data type: 0xc00008efc0: Table not set, please set it like: db.Model(\u0026user) or db.Table(\"users\"); unsupported data type: 0xc00018a420: Table not set, please set it like: db.Model(\u0026user) or db.Table(\"users\"); unsupported data type: 0xc00018a600: Table not set, please set it like: db.Model(\u0026user) or db.Table(\"users\"); unsupported data type: 0xc000239050: Table not set, please set it like: db.Model(\u0026user) or db.Table(\"users\"); unsupported data type: 0xc00018a310: Table not set, please set it like: db.Model(\u0026user) or db.Table(\"users\"); unsupported data type: 0xc0005b2820: Table not set, please set it like: db.Model(\u0026user) or db.Table(\"users\"); unsupported data type: 0xc00018a320: Table not set, please set it like: db.Model(\u0026user) or db.Table(\"users\"); unsupported data type: 0xc00018a300: Table not set, please set it like: db.Model(\u0026user) or db.Table(\"users\")","status":"Internal Server Error"}'
[DEBUG][init.go:21]2022/04/11 17:23:00 error middleware
[DEBUG][user.go:13]2022/04/11 17:28:02 user register
[DEBUG][user.go:15]2022/04/11 17:28:02 user bind
[DEBUG][user.go:20]2022/04/11 17:28:03 register rpc
[DEBUG][user.go:28]2022/04/11 17:30:31 user login
[INFO][pkg.go:10]2022/04/11 17:30:31 userService--multipart: NextPart: EOF
[DEBUG][init.go:21]2022/04/11 17:30:31 error middleware
[DEBUG][user.go:28]2022/04/11 17:31:07 user login
[INFO][pkg.go:10]2022/04/11 17:31:07 userService--multipart: NextPart: EOF
[DEBUG][init.go:21]2022/04/11 17:31:07 error middleware
[DEBUG][user.go:13]2022/04/11 18:24:13 user register
[DEBUG][user.go:15]2022/04/11 18:24:13 user bind
[DEBUG][user.go:20]2022/04/11 18:24:13 register rpc
[DEBUG][user.go:13]2022/04/11 19:42:04 user register
[DEBUG][user.go:15]2022/04/11 19:42:04 user bind
[DEBUG][user.go:20]2022/04/11 19:42:05 register rpc
[DEBUG][user.go:28]2022/04/11 19:42:55 user login
[INFO][pkg.go:10]2022/04/11 19:42:55 userService--multipart: NextPart: EOF
[DEBUG][init.go:21]2022/04/11 19:42:55 error middleware
[DEBUG][init.go:9]2022/04/11 19:48:59 init middleware
[DEBUG][user.go:29]2022/04/11 19:50:11 user login
[DEBUG][user.go:31]2022/04/11 19:50:11 user bind
[INFO][pkg.go:10]2022/04/11 19:50:11 userService--multipart: NextPart: EOF
[DEBUG][init.go:21]2022/04/11 19:50:11 error middleware
[DEBUG][user.go:29]2022/04/11 19:58:31 user login
[DEBUG][user.go:31]2022/04/11 19:58:31 user bind
[DEBUG][user.go:35]2022/04/11 19:58:32 user rpc
[DEBUG][init.go:21]2022/04/11 19:58:32 error middleware
[DEBUG][user.go:29]2022/04/11 20:01:47 user login
[DEBUG][user.go:31]2022/04/11 20:01:47 user bind
[DEBUG][user.go:35]2022/04/11 20:01:47 user rpc
[DEBUG][init.go:21]2022/04/11 20:01:47 error middleware
[DEBUG][user.go:29]2022/04/11 20:26:38 user login
[DEBUG][user.go:31]2022/04/11 20:26:38 user bind
[DEBUG][user.go:35]2022/04/11 20:26:38 user rpc
[DEBUG][init.go:21]2022/04/11 20:26:38 error middleware
[DEBUG][user.go:29]2022/04/11 20:27:59 user login
[DEBUG][user.go:31]2022/04/11 20:27:59 user bind
[DEBUG][user.go:35]2022/04/11 20:27:59 user rpc
[DEBUG][init.go:21]2022/04/11 20:27:59 error middleware
[DEBUG][user.go:29]2022/04/11 20:30:13 user login
[DEBUG][user.go:31]2022/04/11 20:30:13 user bind
[DEBUG][user.go:35]2022/04/11 20:30:13 user rpc
[DEBUG][init.go:21]2022/04/11 20:30:13 error middleware
[DEBUG][user.go:29]2022/04/11 20:34:44 user login
[DEBUG][user.go:31]2022/04/11 20:34:44 user bind
[DEBUG][user.go:35]2022/04/11 20:34:44 user rpc
[DEBUG][user.go:39]2022/04/11 20:34:44 user token
[INFO][pkg.go:10]2022/04/11 20:34:44 userService--key is of invalid type
[DEBUG][init.go:21]2022/04/11 20:34:44 error middleware
[DEBUG][user.go:29]2022/04/11 20:36:36 user login
[DEBUG][user.go:31]2022/04/11 20:36:36 user bind
[DEBUG][user.go:35]2022/04/11 20:36:36 user rpc
[DEBUG][init.go:21]2022/04/11 20:36:36 error middleware
[DEBUG][user.go:29]2022/04/11 20:36:50 user login
[DEBUG][user.go:31]2022/04/11 20:36:50 user bind
[DEBUG][user.go:35]2022/04/11 20:36:50 user rpc
[DEBUG][init.go:21]2022/04/11 20:36:50 error middleware
[DEBUG][user.go:29]2022/04/11 20:37:01 user login
[DEBUG][user.go:31]2022/04/11 20:37:01 user bind
[DEBUG][user.go:35]2022/04/11 20:37:01 user rpc
[DEBUG][init.go:21]2022/04/11 20:37:01 error middleware
[DEBUG][user.go:29]2022/04/11 20:37:53 user login
[DEBUG][user.go:31]2022/04/11 20:37:53 user bind
[DEBUG][user.go:35]2022/04/11 20:37:53 user rpc
[DEBUG][init.go:21]2022/04/11 20:37:53 error middleware
[DEBUG][init.go:9]2022/04/11 20:47:27 init middleware
[DEBUG][user.go:29]2022/04/11 20:47:40 user login
[DEBUG][user.go:31]2022/04/11 20:47:40 user bind
[DEBUG][user.go:35]2022/04/11 20:47:40 user rpc
[DEBUG][user.go:37]2022/04/11 20:47:40 before token
[DEBUG][user.go:39]2022/04/11 20:47:40 user token
[INFO][pkg.go:10]2022/04/11 20:47:40 userService--key is of invalid type
[DEBUG][init.go:21]2022/04/11 20:47:40 error middleware
[DEBUG][user.go:29]2022/04/11 20:48:30 user login
[DEBUG][user.go:31]2022/04/11 20:48:30 user bind
[DEBUG][user.go:35]2022/04/11 20:48:31 user rpc
[DEBUG][user.go:37]2022/04/11 20:48:31 before token
[DEBUG][user.go:39]2022/04/11 20:48:31 user token
[INFO][pkg.go:10]2022/04/11 20:48:31 userService--key is of invalid type
[DEBUG][init.go:21]2022/04/11 20:48:31 error middleware
[DEBUG][user.go:29]2022/04/11 20:48:39 user login
[DEBUG][user.go:31]2022/04/11 20:48:39 user bind
[DEBUG][user.go:35]2022/04/11 20:48:40 user rpc
[DEBUG][user.go:37]2022/04/11 20:48:40 before token
[DEBUG][user.go:39]2022/04/11 20:48:40 user token
[INFO][pkg.go:10]2022/04/11 20:48:40 userService--key is of invalid type
[DEBUG][init.go:21]2022/04/11 20:48:40 error middleware
[DEBUG][user.go:29]2022/04/11 20:52:37 user login
[DEBUG][user.go:31]2022/04/11 20:52:37 user bind
[DEBUG][user.go:35]2022/04/11 20:52:37 user rpc
[DEBUG][user.go:37]2022/04/11 20:52:37 before token
[DEBUG][init.go:21]2022/04/11 20:52:37 error middleware
[DEBUG][init.go:9]2022/04/11 20:53:28 init middleware
[DEBUG][user.go:29]2022/04/11 20:53:52 user login
[DEBUG][user.go:31]2022/04/11 20:53:52 user bind
[DEBUG][user.go:35]2022/04/11 20:53:52 user rpc
[DEBUG][user.go:37]2022/04/11 20:53:52 before token
[DEBUG][user.go:39]2022/04/11 20:53:52 user token
[DEBUG][user.go:29]2022/04/11 20:54:08 user login
[DEBUG][user.go:31]2022/04/11 20:54:08 user bind
[DEBUG][user.go:35]2022/04/11 20:54:08 user rpc
[DEBUG][user.go:37]2022/04/11 20:54:08 before token
[DEBUG][user.go:39]2022/04/11 20:54:08 user token
[DEBUG][user.go:29]2022/04/11 20:54:16 user login
[DEBUG][user.go:31]2022/04/11 20:54:16 user bind
[DEBUG][user.go:35]2022/04/11 20:54:16 user rpc
[DEBUG][user.go:37]2022/04/11 20:54:16 before token
[DEBUG][user.go:39]2022/04/11 20:54:16 user token
[DEBUG][user.go:29]2022/04/11 20:55:13 user login
[DEBUG][user.go:31]2022/04/11 20:55:13 user bind
[DEBUG][user.go:35]2022/04/11 20:55:13 user rpc
[DEBUG][user.go:37]2022/04/11 20:55:13 before token
[DEBUG][user.go:39]2022/04/11 20:55:13 user token
[DEBUG][user.go:29]2022/04/11 20:55:25 user login
[DEBUG][user.go:31]2022/04/11 20:55:25 user bind
[DEBUG][user.go:35]2022/04/11 20:55:25 user rpc
[DEBUG][user.go:37]2022/04/11 20:55:25 before token
[DEBUG][user.go:39]2022/04/11 20:55:25 user token
[DEBUG][user.go:29]2022/04/11 20:56:49 user login
[DEBUG][user.go:31]2022/04/11 20:56:49 user bind
[DEBUG][user.go:35]2022/04/11 20:56:49 user rpc
[DEBUG][user.go:37]2022/04/11 20:56:49 before token
[DEBUG][user.go:39]2022/04/11 20:56:49 user token
[DEBUG][user.go:29]2022/04/11 21:04:25 user login
[DEBUG][user.go:31]2022/04/11 21:04:25 user bind
[DEBUG][user.go:35]2022/04/11 21:04:25 user rpc
[DEBUG][user.go:37]2022/04/11 21:04:25 before token
[DEBUG][user.go:39]2022/04/11 21:04:25 user token
[DEBUG][user.go:13]2022/04/11 21:11:44 user register
[DEBUG][user.go:15]2022/04/11 21:11:44 user bind
[DEBUG][user.go:20]2022/04/11 21:11:44 {{{} [] [] 0xc0001d8580} 24 [] yy password password}
[DEBUG][user.go:21]2022/04/11 21:11:44 register rpc
[INFO][pkg.go:10]2022/04/11 21:11:44 userService--fallback failed with '{"id":"go.micro.client","code":500,"detail":"record not found","status":"Internal Server Error"}'. run error was '{"id":"go.micro.client","code":500,"detail":"record not found","status":"Internal Server Error"}'
[DEBUG][init.go:21]2022/04/11 21:11:44 error middleware
[DEBUG][user.go:13]2022/04/11 21:20:02 user register
[DEBUG][user.go:15]2022/04/11 21:20:02 user bind
[DEBUG][user.go:20]2022/04/11 21:20:02 {{{} [] [] 0xc0001d8580} 24 [] yy password password}
[DEBUG][user.go:21]2022/04/11 21:20:02 register rpc
[INFO][pkg.go:10]2022/04/11 21:20:02 userService--fallback failed with '{"id":"go.micro.client","code":500,"detail":"record not found","status":"Internal Server Error"}'. run error was '{"id":"go.micro.client","code":500,"detail":"record not found","status":"Internal Server Error"}'
[DEBUG][init.go:21]2022/04/11 21:20:02 error middleware
[DEBUG][user.go:13]2022/04/11 21:20:34 user register
[DEBUG][user.go:15]2022/04/11 21:20:34 user bind
[DEBUG][user.go:20]2022/04/11 21:20:34 {{{} [] [] 0xc0001d8580} 18 [] yy 34567 34567}
[DEBUG][user.go:21]2022/04/11 21:20:34 register rpc
[INFO][pkg.go:10]2022/04/11 21:20:34 userService--fallback failed with '{"id":"go.micro.client","code":500,"detail":"record not found","status":"Internal Server Error"}'. run error was '{"id":"go.micro.client","code":500,"detail":"record not found","status":"Internal Server Error"}'
[DEBUG][init.go:21]2022/04/11 21:20:34 error middleware
[DEBUG][user.go:13]2022/04/11 21:27:28 user register
[DEBUG][user.go:15]2022/04/11 21:27:28 user bind
[DEBUG][user.go:20]2022/04/11 21:27:28 {{{} [] [] 0xc0001d8580} 23 [] yjd1997 34567 34567}
[DEBUG][user.go:21]2022/04/11 21:27:28 register rpc
[INFO][pkg.go:10]2022/04/11 21:27:28 userService--fallback failed with '{"id":"go.micro.client","code":500,"detail":"record not found","status":"Internal Server Error"}'. run error was '{"id":"go.micro.client","code":500,"detail":"record not found","status":"Internal Server Error"}'
[DEBUG][init.go:21]2022/04/11 21:27:28 error middleware
[DEBUG][user.go:13]2022/04/11 21:29:32 user register
[DEBUG][user.go:15]2022/04/11 21:29:32 user bind
[DEBUG][user.go:20]2022/04/11 21:29:32 {{{} [] [] 0xc0001d8580} 23 [] yjd1997 34567 34567}
[DEBUG][user.go:21]2022/04/11 21:29:32 register rpc
[INFO][pkg.go:10]2022/04/11 21:29:32 userService--fallback failed with '{"id":"go.micro.client","code":500,"detail":"record not found","status":"Internal Server Error"}'. run error was '{"id":"go.micro.client","code":500,"detail":"record not found","status":"Internal Server Error"}'
[DEBUG][init.go:21]2022/04/11 21:29:32 error middleware
[DEBUG][user.go:13]2022/04/11 21:29:37 user register
[DEBUG][user.go:15]2022/04/11 21:29:37 user bind
[DEBUG][user.go:20]2022/04/11 21:29:37 {{{} [] [] 0xc0001d8580} 23 [] yjd1997 34567 34567}
[DEBUG][user.go:21]2022/04/11 21:29:37 register rpc
[INFO][pkg.go:10]2022/04/11 21:29:37 userService--fallback failed with '{"id":"go.micro.client","code":500,"detail":"record not found","status":"Internal Server Error"}'. run error was '{"id":"go.micro.client","code":500,"detail":"record not found","status":"Internal Server Error"}'
[DEBUG][init.go:21]2022/04/11 21:29:37 error middleware
[DEBUG][user.go:13]2022/04/11 21:29:45 user register
[DEBUG][user.go:15]2022/04/11 21:29:45 user bind
[DEBUG][user.go:20]2022/04/11 21:29:45 {{{} [] [] 0xc0001d8580} 23 [] yjd1997 34567 34567}
[DEBUG][user.go:21]2022/04/11 21:29:45 register rpc
[INFO][pkg.go:10]2022/04/11 21:29:45 userService--fallback failed with '{"id":"go.micro.client","code":500,"detail":"record not found","status":"Internal Server Error"}'. run error was '{"id":"go.micro.client","code":500,"detail":"record not found","status":"Internal Server Error"}'
[DEBUG][init.go:21]2022/04/11 21:29:45 error middleware
[DEBUG][init.go:9]2022/04/11 21:35:43 init middleware
[DEBUG][user.go:13]2022/04/11 21:37:03 user register
[DEBUG][user.go:15]2022/04/11 21:37:03 user bind
[DEBUG][user.go:20]2022/04/11 21:37:03 {{{} [] [] 0xc0001d8580} 23 [] yjd1997 34567 34567}
[DEBUG][user.go:21]2022/04/11 21:37:03 register rpc
[INFO][pkg.go:10]2022/04/11 21:37:03 userService--fallback failed with '{"id":"go.micro.client","code":500,"detail":"username has exist","status":"Internal Server Error"}'. run error was '{"id":"go.micro.client","code":500,"detail":"username has exist","status":"Internal Server Error"}'
[DEBUG][init.go:21]2022/04/11 21:37:03 error middleware
[DEBUG][user.go:13]2022/04/11 21:37:39 user register
[DEBUG][user.go:15]2022/04/11 21:37:39 user bind
[DEBUG][user.go:20]2022/04/11 21:37:40 {{{} [] [] 0xc0001d8580} 24 [] yy password password}
[DEBUG][user.go:21]2022/04/11 21:37:40 register rpc
[DEBUG][user.go:29]2022/04/11 21:37:55 user login
[DEBUG][user.go:31]2022/04/11 21:37:55 user bind
[DEBUG][user.go:35]2022/04/11 21:37:55 user rpc
[DEBUG][user.go:37]2022/04/11 21:37:55 before token
[DEBUG][user.go:39]2022/04/11 21:37:55 user token
[DEBUG][user.go:29]2022/04/11 21:41:41 user login
[DEBUG][user.go:31]2022/04/11 21:41:41 user bind
[DEBUG][user.go:35]2022/04/11 21:41:41 user rpc
[DEBUG][user.go:37]2022/04/11 21:41:41 before token
[DEBUG][user.go:39]2022/04/11 21:41:41 user token
[DEBUG][user.go:29]2022/04/11 21:42:07 user login
[DEBUG][user.go:31]2022/04/11 21:42:07 user bind
[DEBUG][user.go:35]2022/04/11 21:42:08 user rpc
[DEBUG][user.go:37]2022/04/11 21:42:08 before token
[DEBUG][init.go:21]2022/04/11 21:42:08 error middleware
[DEBUG][user.go:29]2022/04/11 21:42:37 user login
[DEBUG][user.go:31]2022/04/11 21:42:37 user bind
[DEBUG][user.go:35]2022/04/11 21:42:37 user rpc
[DEBUG][user.go:37]2022/04/11 21:42:37 before token
[DEBUG][user.go:39]2022/04/11 21:42:37 user token
[DEBUG][user.go:29]2022/04/11 21:43:34 user login
[DEBUG][user.go:31]2022/04/11 21:43:34 user bind
[DEBUG][user.go:35]2022/04/11 21:43:34 user rpc
[DEBUG][user.go:37]2022/04/11 21:43:34 before token
[DEBUG][user.go:39]2022/04/11 21:43:34 user token
[DEBUG][user.go:29]2022/04/11 21:43:50 user login
[DEBUG][user.go:31]2022/04/11 21:43:50 user bind
[DEBUG][user.go:35]2022/04/11 21:43:50 user rpc
[DEBUG][user.go:37]2022/04/11 21:43:50 before token
[DEBUG][user.go:39]2022/04/11 21:43:50 user token
[DEBUG][user.go:29]2022/04/11 21:44:01 user login
[DEBUG][user.go:31]2022/04/11 21:44:01 user bind
[DEBUG][user.go:35]2022/04/11 21:44:01 user rpc
[DEBUG][user.go:37]2022/04/11 21:44:01 before token
[DEBUG][user.go:39]2022/04/11 21:44:01 user token
[DEBUG][user.go:29]2022/04/11 21:50:00 user login
[DEBUG][user.go:31]2022/04/11 21:50:00 user bind
[DEBUG][user.go:35]2022/04/11 21:50:00 user rpc
[DEBUG][user.go:37]2022/04/11 21:50:00 before token
[DEBUG][user.go:39]2022/04/11 21:50:00 user token
[DEBUG][user.go:29]2022/04/11 21:50:11 user login
[DEBUG][user.go:31]2022/04/11 21:50:11 user bind
[DEBUG][user.go:35]2022/04/11 21:50:11 user rpc
[DEBUG][user.go:37]2022/04/11 21:50:11 before token
[DEBUG][user.go:39]2022/04/11 21:50:11 user token
[DEBUG][user.go:29]2022/04/11 21:50:38 user login
[DEBUG][user.go:31]2022/04/11 21:50:38 user bind
[DEBUG][user.go:35]2022/04/11 21:50:38 user rpc
[DEBUG][user.go:37]2022/04/11 21:50:38 before token
[DEBUG][user.go:39]2022/04/11 21:50:38 user token
[DEBUG][user.go:29]2022/04/11 21:52:17 user login
[DEBUG][user.go:31]2022/04/11 21:52:17 user bind
[DEBUG][user.go:35]2022/04/11 21:52:18 user rpc
[DEBUG][user.go:37]2022/04/11 21:52:18 before token
[DEBUG][user.go:39]2022/04/11 21:52:18 user token
[DEBUG][user.go:29]2022/04/11 21:52:39 user login
[DEBUG][user.go:31]2022/04/11 21:52:39 user bind
[DEBUG][user.go:35]2022/04/11 21:52:39 user rpc
[DEBUG][user.go:37]2022/04/11 21:52:39 before token
[DEBUG][user.go:39]2022/04/11 21:52:39 user token
[DEBUG][user.go:29]2022/04/11 21:55:06 user login
[DEBUG][user.go:31]2022/04/11 21:55:06 user bind
[DEBUG][user.go:35]2022/04/11 21:55:06 user rpc
[DEBUG][user.go:37]2022/04/11 21:55:06 before token
[DEBUG][user.go:39]2022/04/11 21:55:06 user token
[DEBUG][user.go:13]2022/04/11 21:56:28 user register
[DEBUG][user.go:15]2022/04/11 21:56:28 user bind
[DEBUG][user.go:20]2022/04/11 21:56:29 {{{} [] [] 0xc0001d8580} 23 [] yangchaoyue 666 666}
[DEBUG][user.go:21]2022/04/11 21:56:29 register rpc
[INFO][pkg.go:10]2022/04/11 21:56:29 userService--fallback failed with '{"id":"go.micro.client","code":500,"detail":"record not found","status":"Internal Server Error"}'. run error was '{"id":"go.micro.client","code":500,"detail":"record not found","status":"Internal Server Error"}'
[DEBUG][init.go:21]2022/04/11 21:56:29 error middleware
[DEBUG][user.go:29]2022/04/11 21:59:55 user login
[DEBUG][user.go:31]2022/04/11 21:59:55 user bind
[DEBUG][user.go:35]2022/04/11 21:59:55 user rpc
[DEBUG][user.go:37]2022/04/11 21:59:55 before token
[DEBUG][user.go:39]2022/04/11 21:59:55 user token
[DEBUG][user.go:29]2022/04/11 22:00:06 user login
[DEBUG][user.go:31]2022/04/11 22:00:06 user bind
[DEBUG][user.go:35]2022/04/11 22:00:06 user rpc
[DEBUG][user.go:37]2022/04/11 22:00:06 before token
[DEBUG][user.go:39]2022/04/11 22:00:06 user token
[DEBUG][user.go:29]2022/04/11 22:06:32 user login
[DEBUG][user.go:31]2022/04/11 22:06:32 user bind
[DEBUG][user.go:35]2022/04/11 22:06:33 user rpc
[DEBUG][user.go:37]2022/04/11 22:06:33 before token
[DEBUG][user.go:39]2022/04/11 22:06:33 user token
[DEBUG][user.go:29]2022/04/11 22:06:49 user login
[DEBUG][user.go:31]2022/04/11 22:06:49 user bind
[DEBUG][user.go:35]2022/04/11 22:06:49 user rpc
[DEBUG][user.go:37]2022/04/11 22:06:49 before token
[DEBUG][user.go:39]2022/04/11 22:06:49 user token
[DEBUG][user.go:29]2022/04/11 22:07:21 user login
[DEBUG][user.go:31]2022/04/11 22:07:21 user bind
[DEBUG][user.go:35]2022/04/11 22:07:21 user rpc
[DEBUG][user.go:37]2022/04/11 22:07:21 before token
[DEBUG][user.go:39]2022/04/11 22:07:21 user token
[DEBUG][user.go:29]2022/04/11 22:23:55 user login
[DEBUG][user.go:31]2022/04/11 22:23:55 user bind
[DEBUG][user.go:35]2022/04/11 22:23:55 user rpc
[DEBUG][user.go:37]2022/04/11 22:23:55 before token
[DEBUG][user.go:39]2022/04/11 22:23:55 user token
[DEBUG][user.go:13]2022/04/11 22:24:38 user register
[DEBUG][user.go:15]2022/04/11 22:24:38 user bind
[DEBUG][user.go:20]2022/04/11 22:24:39 {{{} [] [] 0xc0001d8580} 23 [] yangchaoyue 666 666}
[DEBUG][user.go:21]2022/04/11 22:24:39 register rpc
[INFO][pkg.go:10]2022/04/11 22:24:39 userService--fallback failed with '{"id":"go.micro.client","code":500,"detail":"record not found","status":"Internal Server Error"}'. run error was '{"id":"go.micro.client","code":500,"detail":"record not found","status":"Internal Server Error"}'
[DEBUG][init.go:21]2022/04/11 22:24:39 error middleware
[DEBUG][user.go:13]2022/04/11 22:25:48 user register
[DEBUG][user.go:15]2022/04/11 22:25:48 user bind
[DEBUG][user.go:20]2022/04/11 22:25:49 {{{} [] [] 0xc0001d8580} 23 [] yangchaoyue 666 666}
[DEBUG][user.go:21]2022/04/11 22:25:49 register rpc
[INFO][pkg.go:10]2022/04/11 22:25:49 userService--fallback failed with '{"id":"go.micro.client","code":500,"detail":"record not found","status":"Internal Server Error"}'. run error was '{"id":"go.micro.client","code":500,"detail":"record not found","status":"Internal Server Error"}'
[DEBUG][init.go:21]2022/04/11 22:25:49 error middleware
[DEBUG][user.go:13]2022/04/11 22:27:51 user register
[DEBUG][user.go:15]2022/04/11 22:27:51 user bind
[DEBUG][user.go:20]2022/04/11 22:27:52 {{{} [] [] 0xc0001d8580} 23 [] yangchaoyue 666 666}
[DEBUG][user.go:21]2022/04/11 22:27:52 register rpc
[DEBUG][user.go:29]2022/04/11 22:28:07 user login
[DEBUG][user.go:31]2022/04/11 22:28:07 user bind
[DEBUG][user.go:35]2022/04/11 22:28:08 user rpc
[DEBUG][user.go:37]2022/04/11 22:28:08 before token
[DEBUG][user.go:39]2022/04/11 22:28:08 user token
[DEBUG][user.go:29]2022/04/11 22:28:27 user login
[DEBUG][user.go:31]2022/04/11 22:28:27 user bind
[DEBUG][user.go:35]2022/04/11 22:28:27 user rpc
[DEBUG][user.go:37]2022/04/11 22:28:27 before token
[DEBUG][user.go:39]2022/04/11 22:28:27 user token
[DEBUG][user.go:29]2022/04/11 22:28:39 user login
[DEBUG][user.go:31]2022/04/11 22:28:39 user bind
[DEBUG][user.go:35]2022/04/11 22:28:39 user rpc
[DEBUG][user.go:37]2022/04/11 22:28:39 before token
[DEBUG][user.go:39]2022/04/11 22:28:39 user token
[DEBUG][user.go:13]2022/04/11 22:29:51 user register
[DEBUG][user.go:15]2022/04/11 22:29:51 user bind
[DEBUG][user.go:20]2022/04/11 22:29:53 {{{} [] [] 0xc0001d8580} 16 [] jojo 888 888}
[DEBUG][user.go:21]2022/04/11 22:29:53 register rpc
[INFO][pkg.go:10]2022/04/11 22:29:53 userService--fallback failed with '{"id":"go.micro.client","code":500,"detail":"record not found; invalid transaction","status":"Internal Server Error"}'. run error was '{"id":"go.micro.client","code":500,"detail":"record not found; invalid transaction","status":"Internal Server Error"}'
[DEBUG][init.go:21]2022/04/11 22:29:53 error middleware
[DEBUG][user.go:13]2022/04/11 22:30:38 user register
[DEBUG][user.go:15]2022/04/11 22:30:38 user bind
[DEBUG][user.go:20]2022/04/11 22:30:39 {{{} [] [] 0xc0001d8580} 16 [] jojo 888 888}
[DEBUG][user.go:21]2022/04/11 22:30:39 register rpc
[INFO][pkg.go:10]2022/04/11 22:30:39 userService--fallback failed with '{"id":"go.micro.client","code":500,"detail":"record not found; invalid transaction","status":"Internal Server Error"}'. run error was '{"id":"go.micro.client","code":500,"detail":"record not found; invalid transaction","status":"Internal Server Error"}'
[DEBUG][init.go:21]2022/04/11 22:30:39 error middleware
[DEBUG][user.go:13]2022/04/11 22:32:24 user register
[DEBUG][user.go:15]2022/04/11 22:32:24 user bind
[DEBUG][user.go:20]2022/04/11 22:32:25 {{{} [] [] 0xc0001d8580} 16 [] jojo 888 888}
[DEBUG][user.go:21]2022/04/11 22:32:25 register rpc
[INFO][pkg.go:10]2022/04/11 22:32:25 userService--fallback failed with '{"id":"go.micro.client","code":500,"detail":"record not found; invalid transaction","status":"Internal Server Error"}'. run error was '{"id":"go.micro.client","code":500,"detail":"record not found; invalid transaction","status":"Internal Server Error"}'
[DEBUG][init.go:21]2022/04/11 22:32:25 error middleware
[DEBUG][user.go:13]2022/04/11 22:41:55 user register
[DEBUG][user.go:15]2022/04/11 22:41:55 user bind
[DEBUG][user.go:20]2022/04/11 22:41:55 {{{} [] [] 0xc0001d8580} 16 [] jojo 888 888}
[DEBUG][user.go:21]2022/04/11 22:41:55 register rpc
[INFO][pkg.go:10]2022/04/11 22:41:55 userService--fallback failed with '{"id":"go.micro.client","code":500,"detail":"record not found; invalid transaction","status":"Internal Server Error"}'. run error was '{"id":"go.micro.client","code":500,"detail":"record not found; invalid transaction","status":"Internal Server Error"}'
[DEBUG][init.go:21]2022/04/11 22:41:55 error middleware
[DEBUG][user.go:29]2022/04/11 22:43:32 user login
[DEBUG][user.go:31]2022/04/11 22:43:32 user bind
[DEBUG][user.go:35]2022/04/11 22:43:32 user rpc
[DEBUG][user.go:37]2022/04/11 22:43:32 before token
[DEBUG][user.go:39]2022/04/11 22:43:32 user token
[DEBUG][user.go:29]2022/04/11 22:51:16 user login
[DEBUG][user.go:31]2022/04/11 22:51:16 user bind
[DEBUG][user.go:35]2022/04/11 22:51:16 user rpc
[DEBUG][user.go:37]2022/04/11 22:51:16 before token
[DEBUG][user.go:39]2022/04/11 22:51:16 user token
[DEBUG][user.go:29]2022/04/11 22:52:59 user login
[DEBUG][user.go:31]2022/04/11 22:52:59 user bind
[DEBUG][user.go:35]2022/04/11 22:53:00 user rpc
[DEBUG][user.go:37]2022/04/11 22:53:00 before token
[DEBUG][user.go:39]2022/04/11 22:53:00 user token
[DEBUG][user.go:29]2022/04/11 22:53:04 user login
[DEBUG][user.go:31]2022/04/11 22:53:04 user bind
[DEBUG][user.go:35]2022/04/11 22:53:05 user rpc
[DEBUG][user.go:37]2022/04/11 22:53:05 before token
[DEBUG][user.go:39]2022/04/11 22:53:05 user token
[DEBUG][user.go:29]2022/04/11 22:53:10 user login
[DEBUG][user.go:31]2022/04/11 22:53:10 user bind
[DEBUG][user.go:35]2022/04/11 22:53:11 user rpc
[DEBUG][user.go:37]2022/04/11 22:53:11 before token
[DEBUG][user.go:39]2022/04/11 22:53:11 user token
[DEBUG][user.go:29]2022/04/11 22:53:25 user login
[DEBUG][user.go:31]2022/04/11 22:53:25 user bind
[DEBUG][user.go:35]2022/04/11 22:53:25 user rpc
[DEBUG][user.go:37]2022/04/11 22:53:25 before token
[DEBUG][user.go:39]2022/04/11 22:53:25 user token
[DEBUG][user.go:29]2022/04/11 22:53:41 user login
[DEBUG][user.go:31]2022/04/11 22:53:41 user bind
[DEBUG][user.go:35]2022/04/11 22:53:41 user rpc
[DEBUG][user.go:37]2022/04/11 22:53:41 before token
[DEBUG][user.go:39]2022/04/11 22:53:41 user token
[DEBUG][user.go:29]2022/04/11 22:54:17 user login
[DEBUG][user.go:31]2022/04/11 22:54:17 user bind
[DEBUG][user.go:35]2022/04/11 22:54:17 user rpc
[DEBUG][user.go:37]2022/04/11 22:54:17 before token
[DEBUG][user.go:39]2022/04/11 22:54:17 user token
[DEBUG][user.go:29]2022/04/11 22:56:13 user login
[DEBUG][user.go:31]2022/04/11 22:56:13 user bind
[DEBUG][user.go:35]2022/04/11 22:56:13 user rpc
[DEBUG][user.go:37]2022/04/11 22:56:13 before token
[DEBUG][user.go:39]2022/04/11 22:56:13 user token
[DEBUG][user.go:13]2022/04/11 23:01:17 user register
[DEBUG][user.go:15]2022/04/11 23:01:17 user bind
[DEBUG][user.go:20]2022/04/11 23:01:18 {{{} [] [] 0xc0001d8580} 16 [] jojo 888 888}
[DEBUG][user.go:21]2022/04/11 23:01:18 register rpc
[INFO][pkg.go:10]2022/04/11 23:01:18 userService--fallback failed with '{"id":"go.micro.client","code":500,"detail":"record not found","status":"Internal Server Error"}'. run error was '{"id":"go.micro.client","code":500,"detail":"record not found","status":"Internal Server Error"}'
[DEBUG][init.go:21]2022/04/11 23:01:18 error middleware
[DEBUG][user.go:13]2022/04/11 23:02:35 user register
[DEBUG][user.go:15]2022/04/11 23:02:35 user bind
[DEBUG][user.go:20]2022/04/11 23:02:37 {{{} [] [] 0xc0001d8580} 16 [] jojo 888 888}
[DEBUG][user.go:21]2022/04/11 23:02:37 register rpc
[INFO][pkg.go:10]2022/04/11 23:02:37 userService--fallback failed with '{"id":"go.micro.client","code":500,"detail":"record not found","status":"Internal Server Error"}'. run error was '{"id":"go.micro.client","code":500,"detail":"record not found","status":"Internal Server Error"}'
[DEBUG][init.go:21]2022/04/11 23:02:37 error middleware
[DEBUG][user.go:29]2022/04/11 23:06:36 user login
[DEBUG][user.go:31]2022/04/11 23:06:36 user bind
[DEBUG][user.go:35]2022/04/11 23:06:36 user rpc
[DEBUG][user.go:37]2022/04/11 23:06:36 before token
[DEBUG][user.go:39]2022/04/11 23:06:36 user token
[DEBUG][user.go:29]2022/04/11 23:18:03 user login
[DEBUG][user.go:31]2022/04/11 23:18:03 user bind
[DEBUG][user.go:35]2022/04/11 23:18:03 user rpc
[DEBUG][user.go:37]2022/04/11 23:18:03 before token
[DEBUG][user.go:39]2022/04/11 23:18:03 user token
[DEBUG][user.go:29]2022/04/11 23:18:28 user login
[DEBUG][user.go:31]2022/04/11 23:18:28 user bind
[DEBUG][user.go:35]2022/04/11 23:18:29 user rpc
[DEBUG][user.go:37]2022/04/11 23:18:29 before token
[DEBUG][user.go:39]2022/04/11 23:18:29 user token
[DEBUG][user.go:29]2022/04/11 23:18:39 user login
[DEBUG][user.go:31]2022/04/11 23:18:39 user bind
[DEBUG][user.go:35]2022/04/11 23:18:39 user rpc
[DEBUG][user.go:37]2022/04/11 23:18:39 before token
[DEBUG][user.go:39]2022/04/11 23:18:39 user token
[DEBUG][user.go:29]2022/04/11 23:19:03 user login
[DEBUG][user.go:31]2022/04/11 23:19:03 user bind
[DEBUG][user.go:35]2022/04/11 23:19:03 user rpc
[DEBUG][user.go:37]2022/04/11 23:19:03 before token
[DEBUG][user.go:39]2022/04/11 23:19:03 user token
[DEBUG][user.go:13]2022/04/11 23:19:19 user register
[DEBUG][user.go:15]2022/04/11 23:19:19 user bind
[DEBUG][user.go:20]2022/04/11 23:19:20 {{{} [] [] 0xc0001d8580} 16 [] jojo 888 888}
[DEBUG][user.go:21]2022/04/11 23:19:20 register rpc
[INFO][pkg.go:10]2022/04/11 23:19:20 userService--fallback failed with '{"id":"go.micro.client","code":500,"detail":"record not found","status":"Internal Server Error"}'. run error was '{"id":"go.micro.client","code":500,"detail":"record not found","status":"Internal Server Error"}'
[DEBUG][init.go:21]2022/04/11 23:19:20 error middleware
[DEBUG][user.go:13]2022/04/11 23:20:13 user register
[DEBUG][user.go:15]2022/04/11 23:20:13 user bind
[DEBUG][user.go:20]2022/04/11 23:20:14 {{{} [] [] 0xc0001d8580} 16 [] jojo 888 888}
[DEBUG][user.go:21]2022/04/11 23:20:14 register rpc
[INFO][pkg.go:10]2022/04/11 23:20:14 userService--fallback failed with '{"id":"go.micro.client","code":500,"detail":"record not found","status":"Internal Server Error"}'. run error was '{"id":"go.micro.client","code":500,"detail":"record not found","status":"Internal Server Error"}'
[DEBUG][init.go:21]2022/04/11 23:20:14 error middleware
[DEBUG][user.go:29]2022/04/11 23:28:01 user login
[DEBUG][user.go:31]2022/04/11 23:28:01 user bind
[DEBUG][user.go:35]2022/04/11 23:28:01 user rpc
[DEBUG][user.go:37]2022/04/11 23:28:01 before token
[DEBUG][user.go:39]2022/04/11 23:28:01 user token
[DEBUG][user.go:29]2022/04/11 23:30:37 user login
[DEBUG][user.go:31]2022/04/11 23:30:37 user bind
[DEBUG][user.go:35]2022/04/11 23:30:37 user rpc
[DEBUG][user.go:37]2022/04/11 23:30:37 before token
[DEBUG][user.go:39]2022/04/11 23:30:37 user token
[DEBUG][user.go:29]2022/04/11 23:44:15 user login
[DEBUG][user.go:31]2022/04/11 23:44:15 user bind
[DEBUG][user.go:35]2022/04/11 23:44:15 user rpc
[DEBUG][user.go:37]2022/04/11 23:44:15 before token
[DEBUG][user.go:39]2022/04/11 23:44:15 user token
[DEBUG][user.go:29]2022/04/11 23:56:03 user login
[DEBUG][user.go:31]2022/04/11 23:56:03 user bind
[DEBUG][user.go:35]2022/04/11 23:56:03 user rpc
[DEBUG][user.go:37]2022/04/11 23:56:03 before token
[DEBUG][user.go:39]2022/04/11 23:56:03 user token
[DEBUG][user.go:29]2022/04/11 23:59:05 user login
[DEBUG][user.go:31]2022/04/11 23:59:05 user bind
[DEBUG][user.go:35]2022/04/11 23:59:07 user rpc
[DEBUG][user.go:37]2022/04/11 23:59:07 before token
[DEBUG][init.go:21]2022/04/11 23:59:07 error middleware
[DEBUG][user.go:29]2022/04/11 23:59:19 user login
[DEBUG][user.go:31]2022/04/11 23:59:19 user bind
[DEBUG][user.go:35]2022/04/11 23:59:19 user rpc
[DEBUG][user.go:37]2022/04/11 23:59:19 before token
[DEBUG][user.go:39]2022/04/11 23:59:19 user token
[DEBUG][user.go:29]2022/04/11 23:59:24 user login
[DEBUG][user.go:31]2022/04/11 23:59:24 user bind
[DEBUG][user.go:35]2022/04/11 23:59:25 user rpc
[DEBUG][user.go:37]2022/04/11 23:59:25 before token
[DEBUG][user.go:39]2022/04/11 23:59:25 user token
[DEBUG][user.go:29]2022/04/12 00:00:20 user login
[DEBUG][user.go:31]2022/04/12 00:00:20 user bind
[DEBUG][user.go:35]2022/04/12 00:00:21 user rpc
[DEBUG][user.go:37]2022/04/12 00:00:21 before token
[DEBUG][user.go:39]2022/04/12 00:00:21 user token
[DEBUG][user.go:29]2022/04/12 00:00:35 user login
[DEBUG][user.go:31]2022/04/12 00:00:35 user bind
[DEBUG][user.go:35]2022/04/12 00:00:35 user rpc
[DEBUG][user.go:37]2022/04/12 00:00:35 before token
[DEBUG][user.go:39]2022/04/12 00:00:35 user token
[DEBUG][user.go:29]2022/04/12 00:02:02 user login
[DEBUG][user.go:31]2022/04/12 00:02:02 user bind
[DEBUG][user.go:35]2022/04/12 00:02:02 user rpc
[DEBUG][user.go:37]2022/04/12 00:02:02 before token
[DEBUG][user.go:39]2022/04/12 00:02:02 user token
[DEBUG][user.go:13]2022/04/12 00:08:23 user register
[DEBUG][user.go:15]2022/04/12 00:08:23 user bind
[DEBUG][user.go:20]2022/04/12 00:08:24 {{{} [] [] 0xc0001d8580} 16 [] jojo 888 888}
[DEBUG][user.go:21]2022/04/12 00:08:24 register rpc
[INFO][pkg.go:10]2022/04/12 00:08:24 userService--fallback failed with '{"id":"go.micro.client","code":500,"detail":"record not found","status":"Internal Server Error"}'. run error was '{"id":"go.micro.client","code":500,"detail":"record not found","status":"Internal Server Error"}'
[DEBUG][init.go:21]2022/04/12 00:08:24 error middleware
[DEBUG][user.go:13]2022/04/12 00:09:22 user register
[DEBUG][user.go:15]2022/04/12 00:09:22 user bind
[DEBUG][user.go:20]2022/04/12 00:09:23 {{{} [] [] 0xc0001d8580} 16 [] jojo 888 888}
[DEBUG][user.go:21]2022/04/12 00:09:23 register rpc
[DEBUG][user.go:29]2022/04/12 00:09:50 user login
[DEBUG][user.go:31]2022/04/12 00:09:50 user bind
[DEBUG][user.go:35]2022/04/12 00:09:51 user rpc
[DEBUG][user.go:37]2022/04/12 00:09:51 before token
[DEBUG][user.go:39]2022/04/12 00:09:51 user token
[DEBUG][user.go:29]2022/04/12 00:10:11 user login
[DEBUG][user.go:31]2022/04/12 00:10:11 user bind
[DEBUG][user.go:35]2022/04/12 00:10:11 user rpc
[DEBUG][user.go:37]2022/04/12 00:10:11 before token
[DEBUG][user.go:39]2022/04/12 00:10:11 user token
[DEBUG][user.go:29]2022/04/12 00:10:37 user login
[DEBUG][user.go:31]2022/04/12 00:10:37 user bind
[DEBUG][user.go:35]2022/04/12 00:10:37 user rpc
[DEBUG][user.go:37]2022/04/12 00:10:37 before token
[DEBUG][user.go:39]2022/04/12 00:10:37 user token
[DEBUG][user.go:13]2022/04/12 00:11:14 user register
[DEBUG][user.go:15]2022/04/12 00:11:14 user bind
[DEBUG][user.go:20]2022/04/12 00:11:15 {{{} [] [] 0xc0001d8580} 18 [] 鸣人 123 123}
[DEBUG][user.go:21]2022/04/12 00:11:15 register rpc
[INFO][pkg.go:10]2022/04/12 00:11:15 userService--fallback failed with '{"id":"go.micro.client","code":500,"detail":"record not found; invalid transaction","status":"Internal Server Error"}'. run error was '{"id":"go.micro.client","code":500,"detail":"record not found; invalid transaction","status":"Internal Server Error"}'
[DEBUG][init.go:21]2022/04/12 00:11:15 error middleware
[DEBUG][user.go:29]2022/04/12 00:11:36 user login
[DEBUG][user.go:31]2022/04/12 00:11:36 user bind
[DEBUG][user.go:35]2022/04/12 00:11:36 user rpc
[DEBUG][user.go:37]2022/04/12 00:11:36 before token
[DEBUG][user.go:39]2022/04/12 00:11:36 user token
[DEBUG][user.go:29]2022/04/12 00:15:21 user login
[DEBUG][user.go:31]2022/04/12 00:15:21 user bind
[DEBUG][user.go:35]2022/04/12 00:15:21 user rpc
[DEBUG][user.go:37]2022/04/12 00:15:21 before token
[DEBUG][user.go:39]2022/04/12 00:15:21 user token
[DEBUG][user.go:29]2022/04/12 00:23:45 user login
[DEBUG][user.go:31]2022/04/12 00:23:45 user bind
[DEBUG][user.go:35]2022/04/12 00:23:47 user rpc
[DEBUG][user.go:37]2022/04/12 00:23:47 before token
[DEBUG][user.go:39]2022/04/12 00:23:47 user token
[DEBUG][user.go:29]2022/04/12 00:24:00 user login
[DEBUG][user.go:31]2022/04/12 00:24:00 user bind
[DEBUG][user.go:35]2022/04/12 00:24:01 user rpc
[DEBUG][user.go:37]2022/04/12 00:24:01 before token
[DEBUG][user.go:39]2022/04/12 00:24:01 user token
[DEBUG][user.go:29]2022/04/12 00:24:37 user login
[DEBUG][user.go:31]2022/04/12 00:24:37 user bind
[DEBUG][user.go:35]2022/04/12 00:24:37 user rpc
[DEBUG][user.go:37]2022/04/12 00:24:37 before token
[DEBUG][user.go:39]2022/04/12 00:24:37 user token
[DEBUG][user.go:29]2022/04/12 00:24:52 user login
[DEBUG][user.go:31]2022/04/12 00:24:52 user bind
[DEBUG][user.go:35]2022/04/12 00:24:52 user rpc
[DEBUG][user.go:37]2022/04/12 00:24:52 before token
[DEBUG][user.go:39]2022/04/12 00:24:52 user token
[DEBUG][user.go:29]2022/04/12 00:24:54 user login
[DEBUG][user.go:31]2022/04/12 00:24:54 user bind
[DEBUG][user.go:35]2022/04/12 00:24:54 user rpc
[DEBUG][user.go:37]2022/04/12 00:24:54 before token
[DEBUG][user.go:39]2022/04/12 00:24:54 user token
[DEBUG][user.go:29]2022/04/12 00:24:59 user login
[DEBUG][user.go:31]2022/04/12 00:24:59 user bind
[DEBUG][user.go:35]2022/04/12 00:24:59 user rpc
[DEBUG][user.go:37]2022/04/12 00:24:59 before token
[DEBUG][user.go:39]2022/04/12 00:24:59 user token
[DEBUG][user.go:13]2022/04/12 00:25:26 user register
[DEBUG][user.go:15]2022/04/12 00:25:26 user bind
[DEBUG][user.go:20]2022/04/12 00:25:27 {{{} [] [] 0xc0001d8580} 18 [] 鸣人 123 123}
[DEBUG][user.go:21]2022/04/12 00:25:27 register rpc
[INFO][pkg.go:10]2022/04/12 00:25:27 userService--fallback failed with '{"id":"go.micro.client","code":500,"detail":"record not found","status":"Internal Server Error"}'. run error was '{"id":"go.micro.client","code":500,"detail":"record not found","status":"Internal Server Error"}'
[DEBUG][init.go:21]2022/04/12 00:25:27 error middleware
[DEBUG][user.go:13]2022/04/12 00:25:39 user register
[DEBUG][user.go:15]2022/04/12 00:25:39 user bind
[DEBUG][user.go:20]2022/04/12 00:25:40 {{{} [] [] 0xc0001d8580} 18 [] 鸣人 123 123}
[DEBUG][user.go:21]2022/04/12 00:25:40 register rpc
[INFO][pkg.go:10]2022/04/12 00:25:40 userService--fallback failed with '{"id":"go.micro.client","code":500,"detail":"record not found","status":"Internal Server Error"}'. run error was '{"id":"go.micro.client","code":500,"detail":"record not found","status":"Internal Server Error"}'
[DEBUG][init.go:21]2022/04/12 00:25:40 error middleware
[DEBUG][user.go:13]2022/04/12 00:36:35 user register
[DEBUG][user.go:15]2022/04/12 00:36:35 user bind
[DEBUG][user.go:20]2022/04/12 00:36:36 {{{} [] [] 0xc0001d8580} 18 [] 鸣人 123 123}
[DEBUG][user.go:21]2022/04/12 00:36:36 register rpc
[DEBUG][user.go:13]2022/04/12 00:37:02 user register
[DEBUG][user.go:15]2022/04/12 00:37:02 user bind
[DEBUG][user.go:20]2022/04/12 00:37:04 {{{} [] [] 0xc0001d8580} 18 [] 佐助 123 123}
[DEBUG][user.go:21]2022/04/12 00:37:04 register rpc
[DEBUG][user.go:13]2022/04/12 00:37:16 user register
[DEBUG][user.go:15]2022/04/12 00:37:16 user bind
[DEBUG][user.go:20]2022/04/12 00:37:17 {{{} [] [] 0xc0001d8580} 18 [] 小樱 123 123}
[DEBUG][user.go:21]2022/04/12 00:37:17 register rpc
[DEBUG][user.go:29]2022/04/12 00:37:49 user login
[DEBUG][user.go:31]2022/04/12 00:37:49 user bind
[DEBUG][user.go:35]2022/04/12 00:37:49 user rpc
[DEBUG][user.go:37]2022/04/12 00:37:49 before token
[DEBUG][user.go:39]2022/04/12 00:37:49 user token
[DEBUG][user.go:29]2022/04/12 00:38:06 user login
[DEBUG][user.go:31]2022/04/12 00:38:06 user bind
[DEBUG][user.go:35]2022/04/12 00:38:06 user rpc
[DEBUG][user.go:37]2022/04/12 00:38:06 before token
[DEBUG][user.go:39]2022/04/12 00:38:06 user token
[DEBUG][user.go:13]2022/04/12 00:39:44 user register
[DEBUG][user.go:15]2022/04/12 00:39:44 user bind
[DEBUG][user.go:20]2022/04/12 00:39:45 {{{} [] [] 0xc0001d8580} 18 [] 小李 123 123}
[DEBUG][user.go:21]2022/04/12 00:39:45 register rpc
[INFO][pkg.go:10]2022/04/12 00:39:45 userService--fallback failed with '{"id":"go.micro.client","code":500,"detail":"record not found; invalid transaction","status":"Internal Server Error"}'. run error was '{"id":"go.micro.client","code":500,"detail":"record not found; invalid transaction","status":"Internal Server Error"}'
[DEBUG][init.go:21]2022/04/12 00:39:45 error middleware
[DEBUG][user.go:29]2022/04/12 00:41:39 user login
[DEBUG][user.go:31]2022/04/12 00:41:39 user bind
[DEBUG][user.go:35]2022/04/12 00:41:40 user rpc
[DEBUG][user.go:37]2022/04/12 00:41:40 before token
[DEBUG][user.go:39]2022/04/12 00:41:40 user token
[DEBUG][user.go:29]2022/04/12 00:42:02 user login
[DEBUG][user.go:31]2022/04/12 00:42:02 user bind
[DEBUG][user.go:35]2022/04/12 00:42:02 user rpc
[DEBUG][user.go:37]2022/04/12 00:42:02 before token
[DEBUG][user.go:39]2022/04/12 00:42:02 user token
[DEBUG][user.go:29]2022/04/12 00:42:51 user login
[DEBUG][user.go:31]2022/04/12 00:42:51 user bind
[DEBUG][user.go:35]2022/04/12 00:42:51 user rpc
[DEBUG][user.go:37]2022/04/12 00:42:51 before token
[DEBUG][user.go:39]2022/04/12 00:42:51 user token
[DEBUG][user.go:29]2022/04/12 01:02:18 user login
[DEBUG][user.go:31]2022/04/12 01:02:18 user bind
[DEBUG][user.go:35]2022/04/12 01:02:20 user rpc
[DEBUG][user.go:37]2022/04/12 01:02:20 before token
[DEBUG][user.go:39]2022/04/12 01:02:20 user token
[DEBUG][user.go:29]2022/04/12 01:02:34 user login
[DEBUG][user.go:31]2022/04/12 01:02:34 user bind
[DEBUG][user.go:35]2022/04/12 01:02:35 user rpc
[DEBUG][user.go:37]2022/04/12 01:02:35 before token
[DEBUG][user.go:39]2022/04/12 01:02:35 user token
[DEBUG][user.go:29]2022/04/12 01:04:43 user login
[DEBUG][user.go:31]2022/04/12 01:04:43 user bind
[DEBUG][user.go:35]2022/04/12 01:04:43 user rpc
[DEBUG][user.go:37]2022/04/12 01:04:43 before token
[DEBUG][init.go:21]2022/04/12 01:04:43 error middleware
[DEBUG][user.go:29]2022/04/12 01:04:58 user login
[DEBUG][user.go:31]2022/04/12 01:04:58 user bind
[DEBUG][user.go:35]2022/04/12 01:04:58 user rpc
[DEBUG][user.go:37]2022/04/12 01:04:58 before token
[DEBUG][init.go:21]2022/04/12 01:04:58 error middleware
[DEBUG][user.go:29]2022/04/12 01:05:48 user login
[DEBUG][user.go:31]2022/04/12 01:05:48 user bind
[DEBUG][user.go:35]2022/04/12 01:05:49 user rpc
[DEBUG][user.go:37]2022/04/12 01:05:49 before token
[DEBUG][init.go:21]2022/04/12 01:05:49 error middleware
[DEBUG][user.go:29]2022/04/12 01:06:15 user login
[DEBUG][user.go:31]2022/04/12 01:06:15 user bind
[DEBUG][user.go:35]2022/04/12 01:06:15 user rpc
[DEBUG][user.go:37]2022/04/12 01:06:15 before token
[DEBUG][init.go:21]2022/04/12 01:06:15 error middleware
[DEBUG][user.go:29]2022/04/12 01:06:56 user login
[DEBUG][user.go:31]2022/04/12 01:06:56 user bind
[DEBUG][user.go:35]2022/04/12 01:06:56 user rpc
[DEBUG][user.go:37]2022/04/12 01:06:56 before token
[DEBUG][init.go:21]2022/04/12 01:06:56 error middleware
[DEBUG][user.go:29]2022/04/12 01:07:27 user login
[DEBUG][user.go:31]2022/04/12 01:07:27 user bind
[DEBUG][user.go:35]2022/04/12 01:07:28 user rpc
[DEBUG][user.go:37]2022/04/12 01:07:28 before token
[DEBUG][init.go:21]2022/04/12 01:07:28 error middleware
[DEBUG][user.go:29]2022/04/12 01:09:03 user login
[DEBUG][user.go:31]2022/04/12 01:09:03 user bind
[DEBUG][user.go:35]2022/04/12 01:09:03 user rpc
[DEBUG][user.go:37]2022/04/12 01:09:03 before token
[DEBUG][user.go:39]2022/04/12 01:09:03 user token
[DEBUG][user.go:29]2022/04/12 01:09:13 user login
[DEBUG][user.go:31]2022/04/12 01:09:13 user bind
[DEBUG][user.go:35]2022/04/12 01:09:14 user rpc
[DEBUG][user.go:37]2022/04/12 01:09:14 before token
[DEBUG][user.go:39]2022/04/12 01:09:14 user token
[DEBUG][user.go:29]2022/04/12 01:09:20 user login
[DEBUG][user.go:31]2022/04/12 01:09:20 user bind
[DEBUG][user.go:35]2022/04/12 01:09:21 user rpc
[DEBUG][user.go:37]2022/04/12 01:09:21 before token
[DEBUG][user.go:39]2022/04/12 01:09:21 user token
[DEBUG][user.go:29]2022/04/12 01:10:16 user login
[DEBUG][user.go:31]2022/04/12 01:10:16 user bind
[DEBUG][user.go:35]2022/04/12 01:10:16 user rpc
[DEBUG][user.go:37]2022/04/12 01:10:16 before token
[DEBUG][init.go:21]2022/04/12 01:10:16 error middleware
[DEBUG][user.go:29]2022/04/12 01:11:25 user login
[DEBUG][user.go:31]2022/04/12 01:11:25 user bind
[DEBUG][user.go:35]2022/04/12 01:11:26 user rpc
[DEBUG][user.go:37]2022/04/12 01:11:26 before token
[DEBUG][init.go:21]2022/04/12 01:11:26 error middleware
[DEBUG][user.go:29]2022/04/12 01:25:41 user login
[DEBUG][user.go:31]2022/04/12 01:25:41 user bind
[DEBUG][user.go:35]2022/04/12 01:25:41 user rpc
[DEBUG][user.go:37]2022/04/12 01:25:41 before token
[DEBUG][init.go:21]2022/04/12 01:25:41 error middleware
[DEBUG][user.go:29]2022/04/12 01:26:09 user login
[DEBUG][user.go:31]2022/04/12 01:26:09 user bind
[DEBUG][user.go:35]2022/04/12 01:26:09 user rpc
[DEBUG][user.go:37]2022/04/12 01:26:09 before token
[DEBUG][init.go:21]2022/04/12 01:26:09 error middleware
[DEBUG][user.go:29]2022/04/12 01:37:03 user login
[DEBUG][user.go:31]2022/04/12 01:37:03 user bind
[DEBUG][user.go:35]2022/04/12 01:37:03 user rpc
[DEBUG][user.go:37]2022/04/12 01:37:03 before token
[DEBUG][init.go:21]2022/04/12 01:37:03 error middleware
[DEBUG][user.go:29]2022/04/12 01:38:12 user login
[DEBUG][user.go:31]2022/04/12 01:38:12 user bind
[DEBUG][user.go:35]2022/04/12 01:38:12 user rpc
[DEBUG][user.go:37]2022/04/12 01:38:12 before token
[DEBUG][init.go:21]2022/04/12 01:38:12 error middleware
[DEBUG][user.go:29]2022/04/12 01:38:22 user login
[DEBUG][user.go:31]2022/04/12 01:38:22 user bind
[DEBUG][user.go:35]2022/04/12 01:38:23 user rpc
[DEBUG][user.go:37]2022/04/12 01:38:23 before token
[DEBUG][user.go:39]2022/04/12 01:38:23 user token
[DEBUG][user.go:29]2022/04/12 01:39:31 user login
[DEBUG][user.go:31]2022/04/12 01:39:31 user bind
[DEBUG][user.go:35]2022/04/12 01:39:32 user rpc
[DEBUG][user.go:37]2022/04/12 01:39:32 before token
[DEBUG][user.go:39]2022/04/12 01:39:32 user token
[DEBUG][user.go:29]2022/04/12 01:40:19 user login
[DEBUG][user.go:31]2022/04/12 01:40:19 user bind
[DEBUG][user.go:35]2022/04/12 01:40:19 user rpc
[DEBUG][user.go:37]2022/04/12 01:40:19 before token
[DEBUG][user.go:39]2022/04/12 01:40:19 user token
[DEBUG][user.go:29]2022/04/12 01:40:45 user login
[DEBUG][user.go:31]2022/04/12 01:40:45 user bind
[DEBUG][user.go:35]2022/04/12 01:40:45 user rpc
[DEBUG][user.go:37]2022/04/12 01:40:45 before token
[DEBUG][user.go:39]2022/04/12 01:40:45 user token
[DEBUG][user.go:29]2022/04/12 01:43:47 user login
[DEBUG][user.go:31]2022/04/12 01:43:47 user bind
[DEBUG][user.go:35]2022/04/12 01:43:48 user rpc
[DEBUG][user.go:37]2022/04/12 01:43:48 before token
[DEBUG][user.go:39]2022/04/12 01:43:48 user token
[DEBUG][user.go:29]2022/04/12 01:43:59 user login
[DEBUG][user.go:31]2022/04/12 01:43:59 user bind
[DEBUG][user.go:35]2022/04/12 01:44:00 user rpc
[DEBUG][user.go:37]2022/04/12 01:44:00 before token
[DEBUG][user.go:39]2022/04/12 01:44:00 user token
[DEBUG][user.go:29]2022/04/12 01:44:14 user login
[DEBUG][user.go:31]2022/04/12 01:44:14 user bind
[DEBUG][user.go:35]2022/04/12 01:44:14 user rpc
[DEBUG][user.go:37]2022/04/12 01:44:14 before token
[DEBUG][user.go:39]2022/04/12 01:44:14 user token
[DEBUG][user.go:13]2022/04/12 01:46:20 user register
[DEBUG][user.go:15]2022/04/12 01:46:20 user bind
[DEBUG][user.go:20]2022/04/12 01:46:21 {{{} [] [] 0xc0001d8580} 18 [] 小李 123 123}
[DEBUG][user.go:21]2022/04/12 01:46:21 register rpc
[INFO][pkg.go:10]2022/04/12 01:46:21 userService--fallback failed with '{"id":"go.micro.client","code":500,"detail":"record not found","status":"Internal Server Error"}'. run error was '{"id":"go.micro.client","code":500,"detail":"record not found","status":"Internal Server Error"}'
[DEBUG][init.go:21]2022/04/12 01:46:21 error middleware
[DEBUG][user.go:29]2022/04/12 01:47:07 user login
[DEBUG][user.go:31]2022/04/12 01:47:07 user bind
[DEBUG][user.go:35]2022/04/12 01:47:07 user rpc
[DEBUG][user.go:37]2022/04/12 01:47:07 before token
[DEBUG][user.go:39]2022/04/12 01:47:07 user token
[DEBUG][user.go:29]2022/04/12 02:06:07 user login
[DEBUG][user.go:31]2022/04/12 02:06:07 user bind
[DEBUG][user.go:35]2022/04/12 02:06:07 user rpc
[DEBUG][user.go:37]2022/04/12 02:06:07 before token
[DEBUG][user.go:39]2022/04/12 02:06:07 user token
[DEBUG][user.go:29]2022/04/12 02:18:01 user login
[DEBUG][user.go:31]2022/04/12 02:18:01 user bind
[DEBUG][user.go:35]2022/04/12 02:18:01 user rpc
[DEBUG][user.go:37]2022/04/12 02:18:01 before token
[DEBUG][user.go:39]2022/04/12 02:18:01 user token
[DEBUG][user.go:29]2022/04/12 02:18:06 user login
[DEBUG][user.go:31]2022/04/12 02:18:06 user bind
[DEBUG][user.go:35]2022/04/12 02:18:06 user rpc
[DEBUG][user.go:37]2022/04/12 02:18:06 before token
[DEBUG][user.go:39]2022/04/12 02:18:06 user token
[DEBUG][user.go:29]2022/04/12 02:18:09 user login
[DEBUG][user.go:31]2022/04/12 02:18:09 user bind
[DEBUG][user.go:35]2022/04/12 02:18:10 user rpc
[DEBUG][user.go:37]2022/04/12 02:18:10 before token
[DEBUG][user.go:39]2022/04/12 02:18:10 user token
[DEBUG][user.go:29]2022/04/12 02:27:22 user login
[DEBUG][user.go:31]2022/04/12 02:27:22 user bind
[DEBUG][user.go:35]2022/04/12 02:27:23 user rpc
[DEBUG][user.go:37]2022/04/12 02:27:23 before token
[DEBUG][user.go:39]2022/04/12 02:27:23 user token
[DEBUG][user.go:29]2022/04/12 02:27:26 user login
[DEBUG][user.go:31]2022/04/12 02:27:26 user bind
[DEBUG][user.go:35]2022/04/12 02:27:27 user rpc
[DEBUG][user.go:37]2022/04/12 02:27:27 before token
[DEBUG][user.go:39]2022/04/12 02:27:27 user token
[DEBUG][user.go:29]2022/04/12 02:27:29 user login
[DEBUG][user.go:31]2022/04/12 02:27:29 user bind
[DEBUG][user.go:35]2022/04/12 02:27:30 user rpc
[DEBUG][user.go:37]2022/04/12 02:27:30 before token
[DEBUG][user.go:39]2022/04/12 02:27:30 user token
[DEBUG][user.go:29]2022/04/12 02:27:33 user login
[DEBUG][user.go:31]2022/04/12 02:27:33 user bind
[DEBUG][user.go:35]2022/04/12 02:27:33 user rpc
[DEBUG][user.go:37]2022/04/12 02:27:33 before token
[DEBUG][user.go:39]2022/04/12 02:27:33 user token
[DEBUG][user.go:29]2022/04/12 02:27:44 user login
[DEBUG][user.go:31]2022/04/12 02:27:44 user bind
[DEBUG][user.go:35]2022/04/12 02:27:44 user rpc
[DEBUG][user.go:37]2022/04/12 02:27:44 before token
[DEBUG][user.go:39]2022/04/12 02:27:44 user token
[DEBUG][user.go:29]2022/04/12 10:40:22 user login
[DEBUG][user.go:31]2022/04/12 10:40:22 user bind
[DEBUG][user.go:35]2022/04/12 10:40:22 user rpc
[DEBUG][user.go:37]2022/04/12 10:40:22 before token
[DEBUG][user.go:39]2022/04/12 10:40:22 user token
[DEBUG][user.go:29]2022/04/12 10:40:28 user login
[DEBUG][user.go:31]2022/04/12 10:40:28 user bind
[DEBUG][user.go:35]2022/04/12 10:40:28 user rpc
[DEBUG][user.go:37]2022/04/12 10:40:28 before token
[DEBUG][user.go:39]2022/04/12 10:40:28 user token
[DEBUG][user.go:29]2022/04/12 10:40:31 user login
[DEBUG][user.go:31]2022/04/12 10:40:31 user bind
[DEBUG][user.go:35]2022/04/12 10:40:31 user rpc
[DEBUG][user.go:37]2022/04/12 10:40:31 before token
[DEBUG][user.go:39]2022/04/12 10:40:31 user token
[DEBUG][user.go:29]2022/04/12 10:46:36 user login
[DEBUG][user.go:31]2022/04/12 10:46:36 user bind
[DEBUG][user.go:35]2022/04/12 10:46:37 user rpc
[DEBUG][user.go:37]2022/04/12 10:46:37 before token
[DEBUG][user.go:39]2022/04/12 10:46:37 user token
[DEBUG][user.go:29]2022/04/12 10:46:41 user login
[DEBUG][user.go:31]2022/04/12 10:46:41 user bind
[DEBUG][user.go:35]2022/04/12 10:46:41 user rpc
[DEBUG][user.go:37]2022/04/12 10:46:41 before token
[DEBUG][user.go:39]2022/04/12 10:46:41 user token
[DEBUG][user.go:29]2022/04/12 10:46:44 user login
[DEBUG][user.go:31]2022/04/12 10:46:44 user bind
[DEBUG][user.go:35]2022/04/12 10:46:45 user rpc
[DEBUG][user.go:37]2022/04/12 10:46:45 before token
[DEBUG][user.go:39]2022/04/12 10:46:45 user token
[DEBUG][user.go:29]2022/04/12 10:46:56 user login
[DEBUG][user.go:31]2022/04/12 10:46:56 user bind
[DEBUG][user.go:35]2022/04/12 10:46:56 user rpc
[DEBUG][user.go:37]2022/04/12 10:46:56 before token
[DEBUG][user.go:39]2022/04/12 10:46:56 user token
[DEBUG][user.go:29]2022/04/12 10:48:08 user login
[DEBUG][user.go:31]2022/04/12 10:48:08 user bind
[DEBUG][user.go:35]2022/04/12 10:48:08 user rpc
[DEBUG][user.go:37]2022/04/12 10:48:08 before token
[DEBUG][user.go:39]2022/04/12 10:48:08 user token
[DEBUG][user.go:29]2022/04/12 10:48:12 user login
[DEBUG][user.go:31]2022/04/12 10:48:12 user bind
[DEBUG][user.go:35]2022/04/12 10:48:12 user rpc
[DEBUG][user.go:37]2022/04/12 10:48:12 before token
[DEBUG][user.go:39]2022/04/12 10:48:12 user token
[DEBUG][user.go:29]2022/04/12 10:50:44 user login
[DEBUG][user.go:31]2022/04/12 10:50:44 user bind
[DEBUG][user.go:35]2022/04/12 10:50:44 user rpc
[DEBUG][user.go:37]2022/04/12 10:50:44 before token
[DEBUG][user.go:39]2022/04/12 10:50:44 user token
[DEBUG][user.go:13]2022/04/12 10:50:54 user register
[DEBUG][user.go:15]2022/04/12 10:50:54 user bind
[DEBUG][user.go:20]2022/04/12 10:50:55 {{{} [] [] 0xc0001d8580} 18 [] 小李 123 123}
[DEBUG][user.go:21]2022/04/12 10:50:55 register rpc
[DEBUG][user.go:13]2022/04/12 10:51:25 user register
[DEBUG][user.go:15]2022/04/12 10:51:25 user bind
[DEBUG][user.go:20]2022/04/12 10:51:26 {{{} [] [] 0xc0001d8580} 18 [] 宁次 123 123}
[DEBUG][user.go:21]2022/04/12 10:51:26 register rpc
[INFO][pkg.go:10]2022/04/12 10:51:26 userService--fallback failed with '{"id":"go.micro.client","code":500,"detail":"record not found; invalid transaction","status":"Internal Server Error"}'. run error was '{"id":"go.micro.client","code":500,"detail":"record not found; invalid transaction","status":"Internal Server Error"}'
[DEBUG][init.go:21]2022/04/12 10:51:26 error middleware
[DEBUG][user.go:13]2022/04/12 11:21:05 user register
[DEBUG][user.go:15]2022/04/12 11:21:05 user bind
[DEBUG][user.go:20]2022/04/12 11:21:05 {{{} [] [] 0xc0001d8580} 18 [] 宁次 123 123}
[DEBUG][user.go:21]2022/04/12 11:21:05 register rpc
[INFO][pkg.go:10]2022/04/12 11:21:05 userService--fallback failed with '{"id":"go.micro.client","code":500,"detail":"record not found; invalid transaction","status":"Internal Server Error"}'. run error was '{"id":"go.micro.client","code":500,"detail":"record not found; invalid transaction","status":"Internal Server Error"}'
[DEBUG][init.go:21]2022/04/12 11:21:05 error middleware
[DEBUG][user.go:29]2022/04/12 11:21:25 user login
[DEBUG][user.go:31]2022/04/12 11:21:25 user bind
[DEBUG][user.go:35]2022/04/12 11:21:25 user rpc
[DEBUG][user.go:37]2022/04/12 11:21:25 before token
[DEBUG][user.go:39]2022/04/12 11:21:25 user token
[DEBUG][user.go:29]2022/04/12 11:29:57 user login
[DEBUG][user.go:31]2022/04/12 11:29:57 user bind
[DEBUG][user.go:35]2022/04/12 11:29:57 user rpc
[DEBUG][user.go:37]2022/04/12 11:29:57 before token
[DEBUG][user.go:39]2022/04/12 11:29:57 user token
[DEBUG][user.go:29]2022/04/12 11:30:09 user login
[DEBUG][user.go:31]2022/04/12 11:30:09 user bind
[DEBUG][user.go:35]2022/04/12 11:30:09 user rpc
[DEBUG][user.go:37]2022/04/12 11:30:09 before token
[DEBUG][user.go:39]2022/04/12 11:30:09 user token
[DEBUG][user.go:29]2022/04/12 11:30:29 user login
[DEBUG][user.go:31]2022/04/12 11:30:29 user bind
[DEBUG][user.go:35]2022/04/12 11:30:29 user rpc
[DEBUG][user.go:37]2022/04/12 11:30:29 before token
[DEBUG][user.go:39]2022/04/12 11:30:29 user token
[DEBUG][user.go:29]2022/04/12 11:34:12 user login
[DEBUG][user.go:31]2022/04/12 11:34:12 user bind
[DEBUG][user.go:35]2022/04/12 11:34:12 user rpc
[DEBUG][user.go:37]2022/04/12 11:34:12 before token
[DEBUG][user.go:39]2022/04/12 11:34:12 user token
[DEBUG][user.go:29]2022/04/12 11:34:37 user login
[DEBUG][user.go:31]2022/04/12 11:34:37 user bind
[DEBUG][user.go:35]2022/04/12 11:34:37 user rpc
[DEBUG][user.go:37]2022/04/12 11:34:37 before token
[DEBUG][user.go:39]2022/04/12 11:34:37 user token
[DEBUG][user.go:29]2022/04/12 11:35:19 user login
[DEBUG][user.go:31]2022/04/12 11:35:19 user bind
[DEBUG][user.go:35]2022/04/12 11:35:19 user rpc
[DEBUG][user.go:37]2022/04/12 11:35:19 before token
[DEBUG][user.go:39]2022/04/12 11:35:19 user token
